TN:
SF:lib\src\constants.dart
FNF:0
FNH:0
DA:6,0
DA:22,0
LF:2
LH:0
end_of_record
TN:
SF:lib\src\events\contoller_event.dart
FNF:0
FNH:0
DA:15,0
DA:17,0
DA:18,0
DA:23,0
DA:25,0
DA:31,0
DA:32,0
DA:33,0
DA:34,0
DA:36,0
DA:37,0
DA:39,0
DA:40,0
DA:41,0
LF:14
LH:0
end_of_record
TN:
SF:lib\src\events\generic_event.dart
FNF:0
FNH:0
DA:15,1
DA:17,1
DA:20,3
DA:23,1
DA:25,1
DA:26,3
DA:27,3
DA:28,3
DA:29,3
DA:30,3
DA:31,3
DA:35,0
DA:36,0
LF:13
LH:11
end_of_record
TN:
SF:lib\src\events\key_signature.dart
FNF:0
FNH:0
DA:14,1
DA:16,1
DA:21,1
DA:22,1
DA:27,4
DA:29,2
DA:30,1
DA:33,1
DA:34,1
DA:35,1
DA:36,4
DA:37,2
LF:12
LH:12
end_of_record
TN:
SF:lib\src\events\note_off_event.dart
FNF:0
FNH:0
DA:19,1
DA:21,1
DA:23,0
DA:26,0
DA:27,0
DA:28,0
DA:29,0
DA:32,1
DA:34,1
DA:37,0
DA:39,0
DA:45,1
DA:46,1
DA:47,3
DA:48,4
DA:50,2
DA:51,1
DA:53,1
DA:54,2
DA:55,2
LF:20
LH:13
end_of_record
TN:
SF:lib\src\events\note_on_event.dart
FNF:0
FNH:0
DA:16,1
DA:19,1
DA:20,1
DA:23,3
DA:24,0
DA:25,0
DA:26,0
DA:29,1
DA:31,1
DA:34,0
DA:36,0
DA:42,1
DA:43,1
DA:44,3
DA:45,4
DA:47,2
DA:48,1
DA:50,1
DA:51,2
DA:52,2
LF:20
LH:15
end_of_record
TN:
SF:lib\src\events\program_change.dart
FNF:0
FNH:0
DA:14,1
DA:15,1
DA:16,1
DA:19,3
DA:20,3
DA:21,3
DA:22,0
DA:25,1
DA:27,1
DA:30,1
DA:34,1
DA:35,3
DA:36,2
DA:38,2
DA:39,1
DA:41,1
DA:42,2
LF:17
LH:16
end_of_record
TN:
SF:lib\src\events\tempo.dart
FNF:0
FNH:0
DA:12,2
DA:13,2
DA:16,0
DA:19,0
DA:20,0
DA:21,0
DA:24,1
DA:26,1
DA:51,1
DA:52,1
DA:55,2
DA:56,1
DA:57,4
DA:59,2
DA:60,1
DA:62,1
DA:63,1
DA:64,1
DA:65,1
LF:19
LH:15
end_of_record
TN:
SF:lib\src\events\time_signature.dart
FNF:0
FNH:0
DA:14,1
DA:17,1
DA:21,1
DA:22,1
DA:25,4
DA:27,2
DA:28,1
DA:30,1
DA:31,1
DA:32,1
DA:33,2
DA:34,2
DA:35,2
DA:37,2
LF:14
LH:14
end_of_record
TN:
SF:lib\src\events\track_name.dart
FNF:0
FNH:0
DA:14,0
DA:15,0
DA:16,0
DA:19,0
DA:20,0
DA:21,0
DA:24,0
DA:26,0
DA:33,0
DA:35,0
DA:36,0
DA:38,0
DA:39,0
DA:41,0
DA:42,0
DA:43,0
DA:44,0
DA:45,0
DA:46,0
DA:49,0
LF:20
LH:0
end_of_record
TN:
SF:lib\src\events\utils.dart
FNF:0
FNH:0
DA:5,1
DA:7,4
DA:8,2
DA:11,1
DA:13,4
DA:14,2
DA:35,1
DA:36,1
DA:37,1
DA:40,1
DA:42,1
DA:43,4
DA:44,1
DA:48,1
DA:49,1
DA:53,1
DA:54,2
DA:55,3
DA:61,2
DA:62,2
DA:63,2
DA:66,2
DA:67,4
DA:68,4
DA:69,1
DA:70,2
DA:71,2
DA:72,3
DA:74,2
DA:77,2
DA:78,2
DA:79,4
DA:80,2
DA:81,4
DA:82,1
DA:83,0
DA:84,0
DA:85,0
DA:87,0
LF:39
LH:35
end_of_record
TN:
SF:lib\src\midi_file.dart
FNF:0
FNH:0
DA:29,1
DA:30,2
DA:33,1
DA:40,2
DA:42,1
DA:43,1
DA:44,1
DA:48,1
DA:49,1
DA:50,1
DA:51,1
DA:55,1
DA:56,1
DA:59,1
DA:63,1
DA:64,5
DA:67,0
DA:68,0
DA:91,1
DA:92,3
DA:93,1
DA:96,3
DA:99,1
DA:100,1
DA:103,1
DA:105,2
DA:157,1
DA:158,3
DA:162,5
DA:163,2
DA:174,1
DA:175,3
DA:179,5
DA:180,2
DA:212,1
DA:213,3
DA:217,5
DA:218,2
DA:228,1
DA:229,3
DA:230,1
DA:233,5
DA:234,2
DA:242,1
DA:243,2
DA:246,1
DA:250,2
DA:251,2
DA:263,1
DA:264,1
DA:266,3
DA:267,3
DA:272,7
DA:275,3
DA:276,3
DA:277,3
DA:280,1
DA:291,0
DA:292,0
DA:293,0
DA:296,0
DA:297,0
DA:308,0
DA:309,0
DA:310,0
DA:313,0
DA:314,0
LF:67
LH:55
end_of_record
TN:
SF:lib\src\midi_header.dart
FNF:0
FNH:0
DA:25,1
DA:26,2
DA:27,1
DA:28,2
DA:29,2
DA:32,1
DA:33,2
DA:34,2
DA:35,2
DA:36,2
DA:37,2
LF:11
LH:11
end_of_record
TN:
SF:lib\src\midi_track.dart
FNF:0
FNH:0
DA:33,1
DA:34,1
DA:35,1
DA:42,1
DA:43,3
DA:45,4
DA:49,0
DA:50,0
DA:54,1
DA:55,3
DA:59,1
DA:60,3
DA:64,0
DA:65,0
DA:69,1
DA:70,3
DA:74,1
DA:75,3
DA:87,1
DA:88,2
DA:89,2
DA:90,3
DA:101,1
DA:102,1
DA:106,1
DA:108,1
DA:109,1
DA:112,1
DA:117,1
DA:120,1
DA:124,3
DA:133,4
DA:139,1
DA:141,2
DA:142,3
DA:152,1
DA:153,3
DA:155,3
DA:157,1
DA:158,1
DA:168,1
DA:169,1
DA:170,1
DA:172,2
DA:173,1
DA:176,2
DA:181,2
DA:183,5
DA:184,1
DA:185,0
DA:187,2
DA:188,1
DA:191,1
DA:192,2
DA:194,5
DA:195,3
DA:196,0
DA:197,0
DA:199,2
DA:200,1
DA:204,1
DA:208,1
DA:214,3
DA:221,1
DA:222,3
DA:223,1
DA:227,2
DA:228,2
DA:229,2
DA:231,1
DA:234,1
DA:238,1
DA:239,3
DA:240,3
DA:241,3
LF:75
LH:68
end_of_record
